id;||;name;||;base_price;||;sale_price;||;description;||;types;||;service_code;||;status;||;introduction;||;is_service;||;staff_level;||;staff_level_1;||;img_url;||;cost_time;||;store_id;||;standard;||;created_at;||;updated_at;||;deduct_percent

|::|156;||;four;||;23.0;||;34.0;||;yes;||;5;||;;||;1;||;;||;1;||;1;||;2;||;;||;15;||;2;||;;||;2013-03-26 15:49:17 +0800;||;2013-02-22 10:17:48 +0800;||;

|::|155;||;first one;||;1200.0;||;500.0;||;this is  a class &nbsp;&nbsp;<span style="background-color:#E53333;">ddddddssss</span>;||;5;||;shengmingzaiyuyudong;||;1;||;this is a  first ine;||;1;||;0;||;0;||;;||;30;||;2;||;23344;||;2013-03-26 15:49:17 +0800;||;2013-02-21 15:49:17 +0800;||;

|::|154;||;why name;||;56.0;||;65.0;||;kkkkkk;||;4;||;CftI;||;1;||;jjjjj;||;0;||;4;||;3;||;;||;;||;2;||;dddssff;||;2013-03-26 15:49:17 +0800;||;2013-02-20 15:29:31 +0800;||;

|::|153;||;name;||;345.0;||;1234.0;||;mmmm;||;6;||;SenO;||;1;||;lll;||;1;||;0;||;0;||;;||;45;||;2;||;;||;2013-03-26 15:49:17 +0800;||;2013-02-21 10:37:33 +0800;||;

|::|152;||;name;||;345.0;||;1234.0;||;mmmm;||;6;||;SenO;||;1;||;lll;||;1;||;0;||;0;||;;||;45;||;2;||;;||;2013-03-26 15:49:17 +0800;||;2013-02-21 10:37:33 +0800;||;

|::|151;||;消失;||;234.0;||;345.0;||;<p>

	点的

</p>

<p>

	得得得

</p>

<p>

	sssd

</p>

<p>

	<span style="background-color:#E56600;">d的的老师</span>

</p>

<p>

	<span style="background-color:#E56600;"><span style="color:#006600;">d的的的省市</span><br />

</span>

</p>;||;4;||;Pt45;||;1;||;得得得;||;0;||;;||;;||;/product_pics/2/27/1img27.JPG;||;;||;2;||;12的多得是;||;2013-03-26 13:37:20 +0800;||;2013-03-26 13:37:26 +0800;||;
